# JRE version: OpenJDK Runtime Environment AdoptOpenJDK (11.0.8+10) (build 11.0.8+10)
# Java VM: OpenJDK 64-Bit Server VM AdoptOpenJDK (11.0.8+10, mixed mode, tiered, compressed oops, g1 gc, windows-amd64)
Heap:
 garbage-first heap   total 312320K, used 222732K [0x0000000703200000, 0x0000000800000000)
  region size 1024K, 186 young (190464K), 11 survivors (11264K)
 Metaspace       used 79638K, capacity 81905K, committed 82124K, reserved 1120256K
  class space    used 10797K, capacity 11667K, committed 11724K, reserved 1048576K
GC Heap History (20 events):
Event: 1.149 GC heap after
{Heap after GC invocations=3 (full 0):
 garbage-first heap   total 260096K, used 10467K [0x0000000703200000, 0x0000000800000000)
  region size 1024K, 6 young (6144K), 6 survivors (6144K)
 Metaspace       used 20519K, capacity 21158K, committed 21248K, reserved 1067008K
  class space    used 2503K, capacity 2760K, committed 2816K, reserved 1048576K
}
Event: 1.456 GC heap before
{Heap before GC invocations=4 (full 0):
 garbage-first heap   total 260096K, used 80099K [0x0000000703200000, 0x0000000800000000)
  region size 1024K, 75 young (76800K), 6 survivors (6144K)
 Metaspace       used 28526K, capacity 29382K, committed 29568K, reserved 1075200K
  class space    used 3572K, capacity 3893K, committed 3968K, reserved 1048576K
}
Event: 1.461 GC heap after
{Heap after GC invocations=5 (full 0):
 garbage-first heap   total 260096K, used 12372K [0x0000000703200000, 0x0000000800000000)
  region size 1024K, 8 young (8192K), 8 survivors (8192K)
 Metaspace       used 28526K, capacity 29382K, committed 29568K, reserved 1075200K
  class space    used 3572K, capacity 3893K, committed 3968K, reserved 1048576K
}
Event: 2.107 GC heap before
{Heap before GC invocations=5 (full 0):
 garbage-first heap   total 260096K, used 112724K [0x0000000703200000, 0x0000000800000000)
  region size 1024K, 108 young (110592K), 8 survivors (8192K)
 Metaspace       used 34663K, capacity 35733K, committed 35840K, reserved 1081344K
  class space    used 4468K, capacity 4905K, committed 4992K, reserved 1048576K
}
Event: 2.117 GC heap after
{Heap after GC invocations=6 (full 0):
 garbage-first heap   total 260096K, used 15413K [0x0000000703200000, 0x0000000800000000)
  region size 1024K, 11 young (11264K), 11 survivors (11264K)
 Metaspace       used 34663K, capacity 35733K, committed 35840K, reserved 1081344K
  class space    used 4468K, capacity 4905K, committed 4992K, reserved 1048576K
}
Event: 2.617 GC heap before
{Heap before GC invocations=7 (full 0):
 garbage-first heap   total 260096K, used 158773K [0x0000000703200000, 0x0000000800000000)
  region size 1024K, 152 young (155648K), 11 survivors (11264K)
 Metaspace       used 39661K, capacity 40938K, committed 40960K, reserved 1085440K
  class space    used 5092K, capacity 5617K, committed 5632K, reserved 1048576K
}
Event: 2.626 GC heap after
{Heap after GC invocations=8 (full 0):
 garbage-first heap   total 260096K, used 21392K [0x0000000703200000, 0x0000000800000000)
  region size 1024K, 13 young (13312K), 13 survivors (13312K)
 Metaspace       used 39661K, capacity 40938K, committed 40960K, reserved 1085440K
  class space    used 5092K, capacity 5617K, committed 5632K, reserved 1048576K
}
Event: 3.616 GC heap before
{Heap before GC invocations=8 (full 0):
 garbage-first heap   total 260096K, used 163728K [0x0000000703200000, 0x0000000800000000)
  region size 1024K, 152 young (155648K), 13 survivors (13312K)
 Metaspace       used 56716K, capacity 58262K, committed 58368K, reserved 1099776K
  class space    used 7523K, capacity 8122K, committed 8192K, reserved 1048576K
}
Event: 3.625 GC heap after
{Heap after GC invocations=9 (full 0):
 garbage-first heap   total 312320K, used 30278K [0x0000000703200000, 0x0000000800000000)
  region size 1024K, 18 young (18432K), 18 survivors (18432K)
 Metaspace       used 56716K, capacity 58262K, committed 58368K, reserved 1099776K
  class space    used 7523K, capacity 8122K, committed 8192K, reserved 1048576K
}
Event: 3.747 GC heap before
{Heap before GC invocations=9 (full 0):
 garbage-first heap   total 312320K, used 42566K [0x0000000703200000, 0x0000000800000000)
  region size 1024K, 31 young (31744K), 18 survivors (18432K)
 Metaspace       used 58585K, capacity 60099K, committed 60160K, reserved 1101824K
  class space    used 7836K, capacity 8434K, committed 8448K, reserved 1048576K
}
Event: 3.759 GC heap after
{Heap after GC invocations=10 (full 0):
 garbage-first heap   total 312320K, used 30798K [0x0000000703200000, 0x0000000800000000)
  region size 1024K, 11 young (11264K), 11 survivors (11264K)
 Metaspace       used 58585K, capacity 60099K, committed 60160K, reserved 1101824K
  class space    used 7836K, capacity 8434K, committed 8448K, reserved 1048576K
}
Event: 5.379 GC heap before
{Heap before GC invocations=11 (full 0):
 garbage-first heap   total 312320K, used 199758K [0x0000000703200000, 0x0000000800000000)
  region size 1024K, 176 young (180224K), 11 survivors (11264K)
 Metaspace       used 72126K, capacity 74018K, committed 74316K, reserved 1114112K
  class space    used 9776K, capacity 10523K, committed 10572K, reserved 1048576K
}
Event: 5.386 GC heap after
{Heap after GC invocations=12 (full 0):
 garbage-first heap   total 312320K, used 37056K [0x0000000703200000, 0x0000000800000000)
  region size 1024K, 17 young (17408K), 17 survivors (17408K)
 Metaspace       used 72126K, capacity 74018K, committed 74316K, reserved 1114112K
  class space    used 9776K, capacity 10523K, committed 10572K, reserved 1048576K
}
Event: 861.867 GC heap before
{Heap before GC invocations=12 (full 0):
 garbage-first heap   total 312320K, used 207040K [0x0000000703200000, 0x0000000800000000)
  region size 1024K, 183 young (187392K), 17 survivors (17408K)
 Metaspace       used 78070K, capacity 80212K, committed 80332K, reserved 1118208K
  class space    used 10573K, capacity 11417K, committed 11468K, reserved 1048576K
}
Event: 861.879 GC heap after
{Heap after GC invocations=13 (full 0):
 garbage-first heap   total 312320K, used 39667K [0x0000000703200000, 0x0000000800000000)
  region size 1024K, 10 young (10240K), 10 survivors (10240K)
 Metaspace       used 78070K, capacity 80212K, committed 80332K, reserved 1118208K
  class space    used 10573K, capacity 11417K, committed 11468K, reserved 1048576K
}
Event: 2010.430 GC heap before
{Heap before GC invocations=13 (full 0):
 garbage-first heap   total 312320K, used 215795K [0x0000000703200000, 0x0000000800000000)
  region size 1024K, 183 young (187392K), 10 survivors (10240K)
 Metaspace       used 78309K, capacity 80506K, committed 80588K, reserved 1118208K
  class space    used 10606K, capacity 11439K, committed 11468K, reserved 1048576K
}
Event: 2010.436 GC heap after
{Heap after GC invocations=14 (full 0):
 garbage-first heap   total 312320K, used 43052K [0x0000000703200000, 0x0000000800000000)
  region size 1024K, 14 young (14336K), 14 survivors (14336K)
 Metaspace       used 78309K, capacity 80506K, committed 80588K, reserved 1118208K
  class space    used 10606K, capacity 11439K, committed 11468K, reserved 1048576K
}
Event: 3393.104 GC heap before
{Heap before GC invocations=14 (full 0):
 garbage-first heap   total 312320K, used 216108K [0x0000000703200000, 0x0000000800000000)
  region size 1024K, 183 young (187392K), 14 survivors (14336K)
 Metaspace       used 78331K, capacity 80570K, committed 80844K, reserved 1118208K
  class space    used 10606K, capacity 11439K, committed 11468K, reserved 1048576K
}
Event: 3393.110 GC heap after
{Heap after GC invocations=15 (full 0):
 garbage-first heap   total 312320K, used 43532K [0x0000000703200000, 0x0000000800000000)
  region size 1024K, 8 young (8192K), 8 survivors (8192K)
 Metaspace       used 78331K, capacity 80570K, committed 80844K, reserved 1118208K
  class space    used 10606K, capacity 11439K, committed 11468K, reserved 1048576K
}
Event: 4490.102 GC heap before
{Heap before GC invocations=15 (full 0):
 garbage-first heap   total 312320K, used 221708K [0x0000000703200000, 0x0000000800000000)
  region size 1024K, 183 young (187392K), 8 survivors (8192K)
 Metaspace       used 79638K, capacity 81905K, committed 82124K, reserved 1120256K
  class space    used 10797K, capacity 11667K, committed 11724K, reserved 1048576K
}

